     1                                 %line 1+1 shiftMVB.asm
     2                                 
     3                                 [section .data]
     4                                 [extern printMSG]
     5                                 [extern exitNormal]
     6                                 [extern printRAX]
     7                                 [extern printRBX]
     8                                 [extern printRCX]
     9                                 [extern printRDX]
    10                                 [extern printABCD]
    11                                 
    12                                 
    13                                 [section .text]
    14                                 
    15                                 [global _start]
    16                                 
    17                                 _start:
    18                                 
    19 00000000 48C7C70D000000          mov rdi, 0xd
    20 00000007 E8(F6FFFFFF)            call printMSG
    21 0000000C 48C7C700000000          mov rdi, 0x0
    22 00000013 E8(F6FFFFFF)            call printMSG
    23                                 
    24                                 
    25 00000018 48C7C712000000          mov rdi, 0x12
    26 0000001F E8(F6FFFFFF)            call printMSG
    27 00000024 48C7C700000000          mov rdi, 0x0
    28 0000002B E8(F6FFFFFF)            call printMSG
    29 00000030 48C7C714000000          mov rdi, 0x14
    30 00000037 E8(F6FFFFFF)            call printMSG
    31 0000003C 48C7C700000000          mov rdi, 0x0
    32 00000043 E8(F6FFFFFF)            call printMSG
    33                                 
    34 00000048 48C7C001000000          mov rax, 0x1
    35 0000004F 48D1E0                  shl rax, 0x1
    36 00000052 E8(F6FFFFFF)            call printRAX
    37 00000057 48D1E0                  shl rax, 0x1
    38 0000005A E8(F6FFFFFF)            call printRAX
    39 0000005F 48D1E0                  shl rax, 0x1
    40 00000062 E8(F6FFFFFF)            call printRAX
    41                                 
    42                                 
    43 00000067 48C7C715000000          mov rdi, 0x15
    44 0000006E E8(F6FFFFFF)            call printMSG
    45 00000073 48C7C700000000          mov rdi, 0x0
    46 0000007A E8(F6FFFFFF)            call printMSG
    47                                 
    48 0000007F 48C7C000100000          mov rax, 0x1000
    49 00000086 48D1E8                  shr rax, 0x1
    50 00000089 E8(F6FFFFFF)            call printRAX
    51 0000008E 48D1E8                  shr rax, 0x1
    52 00000091 E8(F6FFFFFF)            call printRAX
    53 00000096 48D1E8                  shr rax, 0x1
    54 00000099 E8(F6FFFFFF)            call printRAX
    55                                 
    56                                 
    57 0000009E 48C7C714000000          mov rdi, 0x14
    58 000000A5 E8(F6FFFFFF)            call printMSG
    59 000000AA 48C7C700000000          mov rdi, 0x0
    60 000000B1 E8(F6FFFFFF)            call printMSG
    61                                 
    62 000000B6 48C7C001000000          mov rax, 0x1
    63 000000BD 48D1E0                  sal rax, 0x1
    64 000000C0 E8(F6FFFFFF)            call printRAX
    65 000000C5 48D1E0                  sal rax, 0x1
    66 000000C8 E8(F6FFFFFF)            call printRAX
    67 000000CD 48D1E0                  sal rax, 0x1
    68 000000D0 E8(F6FFFFFF)            call printRAX
    69                                 
    70                                 
    71 000000D5 48C7C715000000          mov rdi, 0x15
    72 000000DC E8(F6FFFFFF)            call printMSG
    73 000000E1 48C7C700000000          mov rdi, 0x0
    74 000000E8 E8(F6FFFFFF)            call printMSG
    75                                 
    76 000000ED 48B808000000000000-     mov rax, 0x8000000000000008
    77 000000ED 80                 
    78 000000F7 48D1F8                  sar rax, 0x1
    79 000000FA E8(F6FFFFFF)            call printRAX
    80 000000FF 48D1F8                  sar rax, 0x1
    81 00000102 E8(F6FFFFFF)            call printRAX
    82 00000107 48D1F8                  sar rax, 0x1
    83 0000010A E8(F6FFFFFF)            call printRAX
    84                                 
    85                                 
    86 0000010F 48C7C713000000          mov rdi, 0x13
    87 00000116 E8(F6FFFFFF)            call printMSG
    88 0000011B 48C7C700000000          mov rdi, 0x0
    89 00000122 E8(F6FFFFFF)            call printMSG
    90 00000127 48C7C714000000          mov rdi, 0x14
    91 0000012E E8(F6FFFFFF)            call printMSG
    92 00000133 48C7C700000000          mov rdi, 0x0
    93 0000013A E8(F6FFFFFF)            call printMSG
    94                                 
    95 0000013F 48B800000000000000-     mov rax, 0xF000000000000000
    96 0000013F F0                 
    97 00000149 48D1C0                  rol rax, 0x1
    98 0000014C E8(F6FFFFFF)            call printRAX
    99 00000151 48D1C0                  rol rax, 0x1
   100 00000154 E8(F6FFFFFF)            call printRAX
   101 00000159 48D1C0                  rol rax, 0x1
   102 0000015C E8(F6FFFFFF)            call printRAX
   103                                 
   104                                 
   105 00000161 48C7C715000000          mov rdi, 0x15
   106 00000168 E8(F6FFFFFF)            call printMSG
   107 0000016D 48C7C700000000          mov rdi, 0x0
   108 00000174 E8(F6FFFFFF)            call printMSG
   109                                 
   110 00000179 48C7C00F000000          mov rax, 0xF
   111 00000180 48D1C8                  ror rax, 0x1
   112 00000183 E8(F6FFFFFF)            call printRAX
   113 00000188 48D1C8                  ror rax, 0x1
   114 0000018B E8(F6FFFFFF)            call printRAX
   115 00000190 48D1C8                  ror rax, 0x1
   116 00000193 E8(F6FFFFFF)            call printRAX
   117                                 
   118 00000198 E8(F6FFFFFF)            call exitNormal
