     1                                 %line 1+1 move.asm
     2                                 
     3                                 [section .data]
     4                                 
     5                                 
     6                                 [extern exitNormal]
     7                                 
     8                                 [extern printABCD]
     9                                 [extern printMSG]
    10                                 [extern printRAX]
    11                                 [extern printRBX]
    12                                 [extern printRCX]
    13                                 [extern printRDX]
    14                                 [extern printReg]
    15                                 
    16 00000000 0A0A0A0A00000000       aVal dq 0xa0a0a0a
    17 00000008 B0B0B00000000000       bVal dq 0x0b0b0b0
    18 00000010 0000000000000000       cVal dq 0x0
    19                                 
    20                                 
    21                                 [section .text]
    22                                 
    23                                 [global _start]
    24                                 
    25                                 _start:
    26                                 
    27 00000000 48C7C70D000000          mov rdi, 13
    28 00000007 E8(F6FFFFFF)            call printMSG
    29 0000000C 48C7C700000000          mov rdi, 0
    30 00000013 E8(F6FFFFFF)            call printMSG
    31                                 
    32                                 
    33                                 
    34 00000018 48C7C701000000          mov rdi, 1
    35 0000001F E8(F6FFFFFF)            call printMSG
    36 00000024 48C7C700000000          mov rdi, 0
    37 0000002B E8(F6FFFFFF)            call printMSG
    38                                 
    39                                 
    40                                 
    41 00000030 48C7C709000000          mov rdi, 9
    42 00000037 E8(F6FFFFFF)            call printMSG
    43 0000003C 48C7C708000000          mov rdi, 8
    44 00000043 E8(F6FFFFFF)            call printMSG
    45 00000048 488B0425[00000000]      mov rax, [aVal]
    46 00000050 E8(F6FFFFFF)            call printRAX
    47                                 
    48                                 
    49                                 
    50 00000055 48C7C70A000000          mov rdi, 10
    51 0000005C E8(F6FFFFFF)            call printMSG
    52 00000061 48C7C708000000          mov rdi, 8
    53 00000068 E8(F6FFFFFF)            call printMSG
    54 0000006D 488B1C25[00000000]      mov rbx, [bVal]
    55 00000075 E8(F6FFFFFF)            call printRBX
    56                                 
    57                                 
    58                                 
    59 0000007A 48C7C70B000000          mov rdi, 11
    60 00000081 E8(F6FFFFFF)            call printMSG
    61 00000086 48C7C708000000          mov rdi, 8
    62 0000008D E8(F6FFFFFF)            call printMSG
    63 00000092 48C7C1CCCC0000          mov rcx, 0xCCCC
    64 00000099 E8(F6FFFFFF)            call printRCX
    65                                 
    66                                 
    67                                 
    68 0000009E 48C7C70C000000          mov rdi, 12
    69 000000A5 E8(F6FFFFFF)            call printMSG
    70 000000AA 48C7C708000000          mov rdi, 8
    71 000000B1 E8(F6FFFFFF)            call printMSG
    72 000000B6 48BADDDDDDDD785634-     mov rdx, 0x12345678DDDDDDDD
    73 000000B6 12                 
    74 000000C0 E8(F6FFFFFF)            call printRDX
    75                                 
    76                                 
    77                                 
    78 000000C5 E8(F6FFFFFF)            call printABCD
    79                                 
    80                                 
    81                                  Exit:
    82 000000CA E8(F6FFFFFF)            call exitNormal
