     1                                 %line 1+1 mathMVB.asm
     2                                 
     3                                 [section .data]
     4                                 [extern printMSG]
     5                                 [extern printReg]
     6                                 [extern printRAX]
     7                                 [extern printRBX]
     8                                 [extern printRCX]
     9                                 [extern printRDX]
    10                                 [extern exitNormal]
    11                                 
    12                                 
    13                                 [section .text]
    14                                 
    15                                 [global _start]
    16                                 
    17                                 _start:
    18                                 
    19 00000000 48C7C70D000000          mov rdi, 0xd
    20 00000007 E8(F6FFFFFF)            call printMSG
    21 0000000C 48C7C700000000          mov rdi, 0x0
    22 00000013 E8(F6FFFFFF)            call printMSG
    23                                 
    24                                 
    25 00000018 48C7C702000000          mov rdi, 0x2
    26 0000001F E8(F6FFFFFF)            call printMSG
    27 00000024 48C7C700000000          mov rdi, 0x0
    28 0000002B E8(F6FFFFFF)            call printMSG
    29                                 
    30 00000030 48C7C00A000000          mov rax, 0x0a
    31 00000037 E8(F6FFFFFF)            call printRAX
    32 0000003C 4883C00A                add rax, 0x0a
    33 00000040 E8(F6FFFFFF)            call printRAX
    34                                 
    35                                 
    36 00000045 4801C0                  add rax, rax
    37 00000048 E8(F6FFFFFF)            call printRAX
    38                                 
    39 0000004D B0FF                    mov al, 0xFF
    40 0000004F 0401                    add al, 0x1
    41 00000051 1401                    adc al, 0x1
    42 00000053 E8(F6FFFFFF)            call printRAX
    43                                 
    44 00000058 FEC0                    inc al
    45 0000005A E8(F6FFFFFF)            call printRAX
    46                                 
    47                                 
    48 0000005F 48C7C703000000          mov rdi, 0x3
    49 00000066 E8(F6FFFFFF)            call printMSG
    50 0000006B 48C7C700000000          mov rdi, 0x0
    51 00000072 E8(F6FFFFFF)            call printMSG
    52                                 
    53 00000077 4883E80A                sub rax, 0xa
    54 0000007B E8(F6FFFFFF)            call printRAX
    55                                 
    56 00000080 48FFC8                  dec rax
    57 00000083 E8(F6FFFFFF)            call printRAX
    58                                 
    59                                 
    60 00000088 48C7C704000000          mov rdi, 0x4
    61 0000008F E8(F6FFFFFF)            call printMSG
    62 00000094 48C7C700000000          mov rdi, 0x0
    63 0000009B E8(F6FFFFFF)            call printMSG
    64                                 
    65 000000A0 48C7C30A000000          mov rbx, 0xa
    66 000000A7 48C7C080000000          mov rax, 0x80
    67 000000AE 48F7E3                  mul rbx
    68 000000B1 E8(F6FFFFFF)            call printRDX
    69 000000B6 E8(F6FFFFFF)            call printRAX
    70 000000BB 48BB00000000800000-     mov rbx, 0x8000000000
    71 000000BB 00                 
    72 000000C5 48B801000000800000-     mov rax, 0x8000000001
    73 000000C5 00                 
    74 000000CF 48F7E3                  mul rbx
    75 000000D2 E8(F6FFFFFF)            call printRDX
    76 000000D7 E8(F6FFFFFF)            call printRAX
    77                                 
    78 000000DC 48C7C000000000          mov rax, 0x0
    79 000000E3 48C7C300000000          mov rbx, 0x0
    80                                 
    81 000000EA B302                    mov bl, 0x2
    82 000000EC B08F                    mov al, 0x8f
    83 000000EE F6E3                    mul bl
    84 000000F0 E8(F6FFFFFF)            call printRAX
    85 000000F5 B302                    mov bl, 0x2
    86 000000F7 B08F                    mov al, 0x8f
    87 000000F9 F6EB                    imul bl
    88 000000FB E8(F6FFFFFF)            call printRAX
    89                                 
    90                                 
    91 00000100 48C7C705000000          mov rdi, 0x5
    92 00000107 E8(F6FFFFFF)            call printMSG
    93 0000010C 48C7C700000000          mov rdi, 0x0
    94 00000113 E8(F6FFFFFF)            call printMSG
    95                                 
    96 00000118 48C7C0FAFF0000          mov rax, 0xfffa
    97 0000011F 48C7C200000000          mov rdx, 0x0
    98 00000126 48C7C30F000000          mov rbx, 0xf
    99 0000012D 48F7F3                  div rbx
   100 00000130 E8(F6FFFFFF)            call printRAX
   101 00000135 E8(F6FFFFFF)            call printRDX
   102                                 
   103 0000013A 48C7C000000000          mov rax, 0x0
   104 00000141 48C7C300000000          mov rbx, 0x0
   105                                 
   106 00000148 66B8EAFF                mov ax, -22
   107                                 
   108                                 
   109 0000014C B705                    mov bh, 0x5
   110 0000014E F6FF                    idiv bh
   111 00000150 E8(F6FFFFFF)            call printRAX
   112                                 
   113                                 
   114 00000155 E8(F6FFFFFF)            call exitNormal
